# JRE version: OpenJDK Runtime Environment (8.0_242-b01) (build 1.8.0_242-release-1644-b01)
# Java VM: OpenJDK 64-Bit Server VM (25.242-b01 mixed mode windows-amd64 compressed oops)
Heap:
 PSYoungGen      total 71680K, used 45770K [0x00000000d5b80000, 0x00000000da680000, 0x0000000100000000)
  eden space 66560K, 68% used [0x00000000d5b80000,0x00000000d8832b18,0x00000000d9c80000)
  from space 5120K, 0% used [0x00000000d9c80000,0x00000000d9c80000,0x00000000da180000)
  to   space 5120K, 0% used [0x00000000da180000,0x00000000da180000,0x00000000da680000)
 ParOldGen       total 61440K, used 19346K [0x0000000081200000, 0x0000000084e00000, 0x00000000d5b80000)
  object space 61440K, 31% used [0x0000000081200000,0x00000000824e4818,0x0000000084e00000)
 Metaspace       used 37963K, capacity 38614K, committed 38832K, reserved 1083392K
  class space    used 4804K, capacity 4958K, committed 5040K, reserved 1048576K
GC Heap History (10 events):
Event: 2.004 GC heap before
{Heap before GC invocations=3 (full 0):
 PSYoungGen      total 71680K, used 24252K [0x00000000d5b80000, 0x00000000da680000, 0x0000000100000000)
  eden space 66560K, 28% used [0x00000000d5b80000,0x00000000d6e316c8,0x00000000d9c80000)
  from space 5120K, 99% used [0x00000000da180000,0x00000000da67d9b0,0x00000000da680000)
  to   space 5120K, 0% used [0x00000000d9c80000,0x00000000d9c80000,0x00000000da180000)
 ParOldGen       total 87552K, used 7683K [0x0000000081200000, 0x0000000086780000, 0x00000000d5b80000)
  object space 87552K, 8% used [0x0000000081200000,0x0000000081980fb8,0x0000000086780000)
 Metaspace       used 20834K, capacity 21192K, committed 21296K, reserved 1069056K
  class space    used 2466K, capacity 2594K, committed 2608K, reserved 1048576K
Event: 2.034 GC heap after
Heap after GC invocations=3 (full 0):
 PSYoungGen      total 71680K, used 5111K [0x00000000d5b80000, 0x00000000da680000, 0x0000000100000000)
  eden space 66560K, 0% used [0x00000000d5b80000,0x00000000d5b80000,0x00000000d9c80000)
  from space 5120K, 99% used [0x00000000d9c80000,0x00000000da17dc10,0x00000000da180000)
  to   space 5120K, 0% used [0x00000000da180000,0x00000000da180000,0x00000000da680000)
 ParOldGen       total 87552K, used 11757K [0x0000000081200000, 0x0000000086780000, 0x00000000d5b80000)
  object space 87552K, 13% used [0x0000000081200000,0x0000000081d7b478,0x0000000086780000)
 Metaspace       used 20834K, capacity 21192K, committed 21296K, reserved 1069056K
  class space    used 2466K, capacity 2594K, committed 2608K, reserved 1048576K
}
Event: 2.034 GC heap before
{Heap before GC invocations=4 (full 1):
 PSYoungGen      total 71680K, used 5111K [0x00000000d5b80000, 0x00000000da680000, 0x0000000100000000)
  eden space 66560K, 0% used [0x00000000d5b80000,0x00000000d5b80000,0x00000000d9c80000)
  from space 5120K, 99% used [0x00000000d9c80000,0x00000000da17dc10,0x00000000da180000)
  to   space 5120K, 0% used [0x00000000da180000,0x00000000da180000,0x00000000da680000)
 ParOldGen       total 87552K, used 11757K [0x0000000081200000, 0x0000000086780000, 0x00000000d5b80000)
  object space 87552K, 13% used [0x0000000081200000,0x0000000081d7b478,0x0000000086780000)
 Metaspace       used 20834K, capacity 21192K, committed 21296K, reserved 1069056K
  class space    used 2466K, capacity 2594K, committed 2608K, reserved 1048576K
Event: 2.088 GC heap after
Heap after GC invocations=4 (full 1):
 PSYoungGen      total 71680K, used 0K [0x00000000d5b80000, 0x00000000da680000, 0x0000000100000000)
  eden space 66560K, 0% used [0x00000000d5b80000,0x00000000d5b80000,0x00000000d9c80000)
  from space 5120K, 0% used [0x00000000d9c80000,0x00000000d9c80000,0x00000000da180000)
  to   space 5120K, 0% used [0x00000000da180000,0x00000000da180000,0x00000000da680000)
 ParOldGen       total 61440K, used 9022K [0x0000000081200000, 0x0000000084e00000, 0x00000000d5b80000)
  object space 61440K, 14% used [0x0000000081200000,0x0000000081acf8a0,0x0000000084e00000)
 Metaspace       used 20834K, capacity 21192K, committed 21296K, reserved 1069056K
  class space    used 2466K, capacity 2594K, committed 2608K, reserved 1048576K
}
Event: 3.704 GC heap before
{Heap before GC invocations=5 (full 1):
 PSYoungGen      total 71680K, used 66560K [0x00000000d5b80000, 0x00000000da680000, 0x0000000100000000)
  eden space 66560K, 100% used [0x00000000d5b80000,0x00000000d9c80000,0x00000000d9c80000)
  from space 5120K, 0% used [0x00000000d9c80000,0x00000000d9c80000,0x00000000da180000)
  to   space 5120K, 0% used [0x00000000da180000,0x00000000da180000,0x00000000da680000)
 ParOldGen       total 61440K, used 9022K [0x0000000081200000, 0x0000000084e00000, 0x00000000d5b80000)
  object space 61440K, 14% used [0x0000000081200000,0x0000000081acf8a0,0x0000000084e00000)
 Metaspace       used 29408K, capacity 29972K, committed 30128K, reserved 1075200K
  class space    used 3570K, capacity 3738K, committed 3760K, reserved 1048576K
Event: 3.722 GC heap after
Heap after GC invocations=5 (full 1):
 PSYoungGen      total 71680K, used 5090K [0x00000000d5b80000, 0x00000000da680000, 0x0000000100000000)
  eden space 66560K, 0% used [0x00000000d5b80000,0x00000000d5b80000,0x00000000d9c80000)
  from space 5120K, 99% used [0x00000000da180000,0x00000000da678918,0x00000000da680000)
  to   space 5120K, 0% used [0x00000000d9c80000,0x00000000d9c80000,0x00000000da180000)
 ParOldGen       total 61440K, used 19574K [0x0000000081200000, 0x0000000084e00000, 0x00000000d5b80000)
  object space 61440K, 31% used [0x0000000081200000,0x000000008251d8e8,0x0000000084e00000)
 Metaspace       used 29408K, capacity 29972K, committed 30128K, reserved 1075200K
  class space    used 3570K, capacity 3738K, committed 3760K, reserved 1048576K
}
Event: 4.422 GC heap before
{Heap before GC invocations=6 (full 1):
 PSYoungGen      total 71680K, used 31796K [0x00000000d5b80000, 0x00000000da680000, 0x0000000100000000)
  eden space 66560K, 40% used [0x00000000d5b80000,0x00000000d75949e0,0x00000000d9c80000)
  from space 5120K, 99% used [0x00000000da180000,0x00000000da678918,0x00000000da680000)
  to   space 5120K, 0% used [0x00000000d9c80000,0x00000000d9c80000,0x00000000da180000)
 ParOldGen       total 61440K, used 19574K [0x0000000081200000, 0x0000000084e00000, 0x00000000d5b80000)
  object space 61440K, 31% used [0x0000000081200000,0x000000008251d8e8,0x0000000084e00000)
 Metaspace       used 34669K, capacity 35186K, committed 35496K, reserved 1081344K
  class space    used 4420K, capacity 4552K, committed 4656K, reserved 1048576K
Event: 4.436 GC heap after
Heap after GC invocations=6 (full 1):
 PSYoungGen      total 71680K, used 5099K [0x00000000d5b80000, 0x00000000da680000, 0x0000000100000000)
  eden space 66560K, 0% used [0x00000000d5b80000,0x00000000d5b80000,0x00000000d9c80000)
  from space 5120K, 99% used [0x00000000d9c80000,0x00000000da17add8,0x00000000da180000)
  to   space 5120K, 0% used [0x00000000da180000,0x00000000da180000,0x00000000da680000)
 ParOldGen       total 61440K, used 26294K [0x0000000081200000, 0x0000000084e00000, 0x00000000d5b80000)
  object space 61440K, 42% used [0x0000000081200000,0x0000000082bad8d8,0x0000000084e00000)
 Metaspace       used 34669K, capacity 35186K, committed 35496K, reserved 1081344K
  class space    used 4420K, capacity 4552K, committed 4656K, reserved 1048576K
}
Event: 4.436 GC heap before
{Heap before GC invocations=7 (full 2):
 PSYoungGen      total 71680K, used 5099K [0x00000000d5b80000, 0x00000000da680000, 0x0000000100000000)
  eden space 66560K, 0% used [0x00000000d5b80000,0x00000000d5b80000,0x00000000d9c80000)
  from space 5120K, 99% used [0x00000000d9c80000,0x00000000da17add8,0x00000000da180000)
  to   space 5120K, 0% used [0x00000000da180000,0x00000000da180000,0x00000000da680000)
 ParOldGen       total 61440K, used 26294K [0x0000000081200000, 0x0000000084e00000, 0x00000000d5b80000)
  object space 61440K, 42% used [0x0000000081200000,0x0000000082bad8d8,0x0000000084e00000)
 Metaspace       used 34669K, capacity 35186K, committed 35496K, reserved 1081344K
  class space    used 4420K, capacity 4552K, committed 4656K, reserved 1048576K
Event: 4.552 GC heap after
Heap after GC invocations=7 (full 2):
 PSYoungGen      total 71680K, used 0K [0x00000000d5b80000, 0x00000000da680000, 0x0000000100000000)
  eden space 66560K, 0% used [0x00000000d5b80000,0x00000000d5b80000,0x00000000d9c80000)
  from space 5120K, 0% used [0x00000000d9c80000,0x00000000d9c80000,0x00000000da180000)
  to   space 5120K, 0% used [0x00000000da180000,0x00000000da180000,0x00000000da680000)
 ParOldGen       total 61440K, used 19346K [0x0000000081200000, 0x0000000084e00000, 0x00000000d5b80000)
  object space 61440K, 31% used [0x0000000081200000,0x00000000824e4818,0x0000000084e00000)
 Metaspace       used 34669K, capacity 35186K, committed 35496K, reserved 1081344K
  class space    used 4420K, capacity 4552K, committed 4656K, reserved 1048576K
}

