# JRE version: OpenJDK Runtime Environment (8.0_242-b01) (build 1.8.0_242-release-1644-b01)
# Java VM: OpenJDK 64-Bit Server VM (25.242-b01 mixed mode windows-amd64 compressed oops)
Heap:
 PSYoungGen      total 96768K, used 51205K [0x00000000d5b80000, 0x00000000dd380000, 0x0000000100000000)
  eden space 80896K, 43% used [0x00000000d5b80000,0x00000000d7e025e0,0x00000000daa80000)
  from space 15872K, 99% used [0x00000000dbd80000,0x00000000dccfefc0,0x00000000dcd00000)
  to   space 19456K, 0% used [0x00000000daa80000,0x00000000daa80000,0x00000000dbd80000)
 ParOldGen       total 117248K, used 20416K [0x0000000081200000, 0x0000000088480000, 0x00000000d5b80000)
  object space 117248K, 17% used [0x0000000081200000,0x00000000825f0170,0x0000000088480000)
 Metaspace       used 46305K, capacity 47244K, committed 47664K, reserved 1091584K
  class space    used 5632K, capacity 5875K, committed 5936K, reserved 1048576K
GC Heap History (10 events):
Event: 3.804 GC heap before
{Heap before GC invocations=6 (full 1):
 PSYoungGen      total 49664K, used 49658K [0x00000000d5b80000, 0x00000000da680000, 0x0000000100000000)
  eden space 44544K, 100% used [0x00000000d5b80000,0x00000000d8700000,0x00000000d8700000)
  from space 5120K, 99% used [0x00000000da180000,0x00000000da67eaa8,0x00000000da680000)
  to   space 5120K, 0% used [0x00000000d9c80000,0x00000000d9c80000,0x00000000da180000)
 ParOldGen       total 69632K, used 11304K [0x0000000081200000, 0x0000000085600000, 0x00000000d5b80000)
  object space 69632K, 16% used [0x0000000081200000,0x0000000081d0a220,0x0000000085600000)
 Metaspace       used 31631K, capacity 32160K, committed 32432K, reserved 1077248K
  class space    used 4028K, capacity 4188K, committed 4272K, reserved 1048576K
Event: 3.831 GC heap after
Heap after GC invocations=6 (full 1):
 PSYoungGen      total 66560K, used 5090K [0x00000000d5b80000, 0x00000000db680000, 0x0000000100000000)
  eden space 61440K, 0% used [0x00000000d5b80000,0x00000000d5b80000,0x00000000d9780000)
  from space 5120K, 99% used [0x00000000d9c80000,0x00000000da178918,0x00000000da180000)
  to   space 15872K, 0% used [0x00000000da700000,0x00000000da700000,0x00000000db680000)
 ParOldGen       total 69632K, used 22581K [0x0000000081200000, 0x0000000085600000, 0x00000000d5b80000)
  object space 69632K, 32% used [0x0000000081200000,0x000000008280d6c8,0x0000000085600000)
 Metaspace       used 31631K, capacity 32160K, committed 32432K, reserved 1077248K
  class space    used 4028K, capacity 4188K, committed 4272K, reserved 1048576K
}
Event: 4.282 GC heap before
{Heap before GC invocations=7 (full 1):
 PSYoungGen      total 66560K, used 18649K [0x00000000d5b80000, 0x00000000db680000, 0x0000000100000000)
  eden space 61440K, 22% used [0x00000000d5b80000,0x00000000d68bdbb0,0x00000000d9780000)
  from space 5120K, 99% used [0x00000000d9c80000,0x00000000da178918,0x00000000da180000)
  to   space 15872K, 0% used [0x00000000da700000,0x00000000da700000,0x00000000db680000)
 ParOldGen       total 69632K, used 22581K [0x0000000081200000, 0x0000000085600000, 0x00000000d5b80000)
  object space 69632K, 32% used [0x0000000081200000,0x000000008280d6c8,0x0000000085600000)
 Metaspace       used 34653K, capacity 35186K, committed 35496K, reserved 1081344K
  class space    used 4415K, capacity 4552K, committed 4656K, reserved 1048576K
Event: 4.299 GC heap after
Heap after GC invocations=7 (full 1):
 PSYoungGen      total 77824K, used 8948K [0x00000000d5b80000, 0x00000000dcf00000, 0x0000000100000000)
  eden space 61952K, 0% used [0x00000000d5b80000,0x00000000d5b80000,0x00000000d9800000)
  from space 15872K, 56% used [0x00000000da700000,0x00000000dafbd038,0x00000000db680000)
  to   space 15360K, 0% used [0x00000000d9800000,0x00000000d9800000,0x00000000da700000)
 ParOldGen       total 69632K, used 22589K [0x0000000081200000, 0x0000000085600000, 0x00000000d5b80000)
  object space 69632K, 32% used [0x0000000081200000,0x000000008280f6c8,0x0000000085600000)
 Metaspace       used 34653K, capacity 35186K, committed 35496K, reserved 1081344K
  class space    used 4415K, capacity 4552K, committed 4656K, reserved 1048576K
}
Event: 4.299 GC heap before
{Heap before GC invocations=8 (full 2):
 PSYoungGen      total 77824K, used 8948K [0x00000000d5b80000, 0x00000000dcf00000, 0x0000000100000000)
  eden space 61952K, 0% used [0x00000000d5b80000,0x00000000d5b80000,0x00000000d9800000)
  from space 15872K, 56% used [0x00000000da700000,0x00000000dafbd038,0x00000000db680000)
  to   space 15360K, 0% used [0x00000000d9800000,0x00000000d9800000,0x00000000da700000)
 ParOldGen       total 69632K, used 22589K [0x0000000081200000, 0x0000000085600000, 0x00000000d5b80000)
  object space 69632K, 32% used [0x0000000081200000,0x000000008280f6c8,0x0000000085600000)
 Metaspace       used 34653K, capacity 35186K, committed 35496K, reserved 1081344K
  class space    used 4415K, capacity 4552K, committed 4656K, reserved 1048576K
Event: 4.394 GC heap after
Heap after GC invocations=8 (full 2):
 PSYoungGen      total 77824K, used 0K [0x00000000d5b80000, 0x00000000dcf00000, 0x0000000100000000)
  eden space 61952K, 0% used [0x00000000d5b80000,0x00000000d5b80000,0x00000000d9800000)
  from space 15872K, 0% used [0x00000000da700000,0x00000000da700000,0x00000000db680000)
  to   space 15360K, 0% used [0x00000000d9800000,0x00000000d9800000,0x00000000da700000)
 ParOldGen       total 117248K, used 17226K [0x0000000081200000, 0x0000000088480000, 0x00000000d5b80000)
  object space 117248K, 14% used [0x0000000081200000,0x00000000822d2890,0x0000000088480000)
 Metaspace       used 34653K, capacity 35186K, committed 35496K, reserved 1081344K
  class space    used 4415K, capacity 4552K, committed 4656K, reserved 1048576K
}
Event: 5.857 GC heap before
{Heap before GC invocations=9 (full 2):
 PSYoungGen      total 77824K, used 61952K [0x00000000d5b80000, 0x00000000dcf00000, 0x0000000100000000)
  eden space 61952K, 100% used [0x00000000d5b80000,0x00000000d9800000,0x00000000d9800000)
  from space 15872K, 0% used [0x00000000da700000,0x00000000da700000,0x00000000db680000)
  to   space 15360K, 0% used [0x00000000d9800000,0x00000000d9800000,0x00000000da700000)
 ParOldGen       total 117248K, used 17226K [0x0000000081200000, 0x0000000088480000, 0x00000000d5b80000)
  object space 117248K, 14% used [0x0000000081200000,0x00000000822d2890,0x0000000088480000)
 Metaspace       used 39804K, capacity 40460K, committed 40752K, reserved 1085440K
  class space    used 5000K, capacity 5163K, committed 5168K, reserved 1048576K
Event: 5.870 GC heap after
Heap after GC invocations=9 (full 2):
 PSYoungGen      total 77312K, used 13257K [0x00000000d5b80000, 0x00000000dcd00000, 0x0000000100000000)
  eden space 61952K, 0% used [0x00000000d5b80000,0x00000000d5b80000,0x00000000d9800000)
  from space 15360K, 86% used [0x00000000d9800000,0x00000000da4f2450,0x00000000da700000)
  to   space 15872K, 0% used [0x00000000dbd80000,0x00000000dbd80000,0x00000000dcd00000)
 ParOldGen       total 117248K, used 17234K [0x0000000081200000, 0x0000000088480000, 0x00000000d5b80000)
  object space 117248K, 14% used [0x0000000081200000,0x00000000822d4890,0x0000000088480000)
 Metaspace       used 39804K, capacity 40460K, committed 40752K, reserved 1085440K
  class space    used 5000K, capacity 5163K, committed 5168K, reserved 1048576K
}
Event: 7.428 GC heap before
{Heap before GC invocations=10 (full 2):
 PSYoungGen      total 77312K, used 75209K [0x00000000d5b80000, 0x00000000dcd00000, 0x0000000100000000)
  eden space 61952K, 100% used [0x00000000d5b80000,0x00000000d9800000,0x00000000d9800000)
  from space 15360K, 86% used [0x00000000d9800000,0x00000000da4f2450,0x00000000da700000)
  to   space 15872K, 0% used [0x00000000dbd80000,0x00000000dbd80000,0x00000000dcd00000)
 ParOldGen       total 117248K, used 17234K [0x0000000081200000, 0x0000000088480000, 0x00000000d5b80000)
  object space 117248K, 14% used [0x0000000081200000,0x00000000822d4890,0x0000000088480000)
 Metaspace       used 43793K, capacity 44576K, committed 45104K, reserved 1089536K
  class space    used 5383K, capacity 5579K, committed 5680K, reserved 1048576K
Event: 7.458 GC heap after
Heap after GC invocations=10 (full 2):
 PSYoungGen      total 96768K, used 15867K [0x00000000d5b80000, 0x00000000dd380000, 0x0000000100000000)
  eden space 80896K, 0% used [0x00000000d5b80000,0x00000000d5b80000,0x00000000daa80000)
  from space 15872K, 99% used [0x00000000dbd80000,0x00000000dccfefc0,0x00000000dcd00000)
  to   space 19456K, 0% used [0x00000000daa80000,0x00000000daa80000,0x00000000dbd80000)
 ParOldGen       total 117248K, used 20416K [0x0000000081200000, 0x0000000088480000, 0x00000000d5b80000)
  object space 117248K, 17% used [0x0000000081200000,0x00000000825f0170,0x0000000088480000)
 Metaspace       used 43793K, capacity 44576K, committed 45104K, reserved 1089536K
  class space    used 5383K, capacity 5579K, committed 5680K, reserved 1048576K
}

