# JRE version: OpenJDK Runtime Environment (8.0_242-b01) (build 1.8.0_242-release-1644-b01)
# Java VM: OpenJDK 64-Bit Server VM (25.242-b01 mixed mode windows-amd64 compressed oops)
Heap:
 PSYoungGen      total 90624K, used 37633K [0x00000000d5b80000, 0x00000000dcf80000, 0x0000000100000000)
  eden space 72192K, 26% used [0x00000000d5b80000,0x00000000d6e432f8,0x00000000da200000)
  from space 18432K, 99% used [0x00000000db780000,0x00000000dc97d400,0x00000000dc980000)
  to   space 22016K, 0% used [0x00000000da200000,0x00000000da200000,0x00000000db780000)
 ParOldGen       total 60416K, used 32016K [0x0000000081200000, 0x0000000084d00000, 0x00000000d5b80000)
  object space 60416K, 52% used [0x0000000081200000,0x0000000083144288,0x0000000084d00000)
 Metaspace       used 52137K, capacity 53074K, committed 53296K, reserved 1095680K
  class space    used 6187K, capacity 6416K, committed 6448K, reserved 1048576K
GC Heap History (10 events):
Event: 4.512 GC heap before
{Heap before GC invocations=6 (full 1):
 PSYoungGen      total 71680K, used 30699K [0x00000000d5b80000, 0x00000000da680000, 0x0000000100000000)
  eden space 66560K, 38% used [0x00000000d5b80000,0x00000000d7482670,0x00000000d9c80000)
  from space 5120K, 99% used [0x00000000da180000,0x00000000da678918,0x00000000da680000)
  to   space 5120K, 0% used [0x00000000d9c80000,0x00000000d9c80000,0x00000000da180000)
 ParOldGen       total 60416K, used 19991K [0x0000000081200000, 0x0000000084d00000, 0x00000000d5b80000)
  object space 60416K, 33% used [0x0000000081200000,0x0000000082585e00,0x0000000084d00000)
 Metaspace       used 34670K, capacity 35218K, committed 35496K, reserved 1081344K
  class space    used 4427K, capacity 4584K, committed 4656K, reserved 1048576K
Event: 4.526 GC heap after
Heap after GC invocations=6 (full 1):
 PSYoungGen      total 71680K, used 5099K [0x00000000d5b80000, 0x00000000da680000, 0x0000000100000000)
  eden space 66560K, 0% used [0x00000000d5b80000,0x00000000d5b80000,0x00000000d9c80000)
  from space 5120K, 99% used [0x00000000d9c80000,0x00000000da17add8,0x00000000da180000)
  to   space 5120K, 0% used [0x00000000da180000,0x00000000da180000,0x00000000da680000)
 ParOldGen       total 60416K, used 26314K [0x0000000081200000, 0x0000000084d00000, 0x00000000d5b80000)
  object space 60416K, 43% used [0x0000000081200000,0x0000000082bb2838,0x0000000084d00000)
 Metaspace       used 34670K, capacity 35218K, committed 35496K, reserved 1081344K
  class space    used 4427K, capacity 4584K, committed 4656K, reserved 1048576K
}
Event: 4.526 GC heap before
{Heap before GC invocations=7 (full 2):
 PSYoungGen      total 71680K, used 5099K [0x00000000d5b80000, 0x00000000da680000, 0x0000000100000000)
  eden space 66560K, 0% used [0x00000000d5b80000,0x00000000d5b80000,0x00000000d9c80000)
  from space 5120K, 99% used [0x00000000d9c80000,0x00000000da17add8,0x00000000da180000)
  to   space 5120K, 0% used [0x00000000da180000,0x00000000da180000,0x00000000da680000)
 ParOldGen       total 60416K, used 26314K [0x0000000081200000, 0x0000000084d00000, 0x00000000d5b80000)
  object space 60416K, 43% used [0x0000000081200000,0x0000000082bb2838,0x0000000084d00000)
 Metaspace       used 34670K, capacity 35218K, committed 35496K, reserved 1081344K
  class space    used 4427K, capacity 4584K, committed 4656K, reserved 1048576K
Event: 4.651 GC heap after
Heap after GC invocations=7 (full 2):
 PSYoungGen      total 71680K, used 0K [0x00000000d5b80000, 0x00000000da680000, 0x0000000100000000)
  eden space 66560K, 0% used [0x00000000d5b80000,0x00000000d5b80000,0x00000000d9c80000)
  from space 5120K, 0% used [0x00000000d9c80000,0x00000000d9c80000,0x00000000da180000)
  to   space 5120K, 0% used [0x00000000da180000,0x00000000da180000,0x00000000da680000)
 ParOldGen       total 60416K, used 19083K [0x0000000081200000, 0x0000000084d00000, 0x00000000d5b80000)
  object space 60416K, 31% used [0x0000000081200000,0x00000000824a2d70,0x0000000084d00000)
 Metaspace       used 34670K, capacity 35218K, committed 35496K, reserved 1081344K
  class space    used 4427K, capacity 4584K, committed 4656K, reserved 1048576K
}
Event: 6.928 GC heap before
{Heap before GC invocations=8 (full 2):
 PSYoungGen      total 71680K, used 66560K [0x00000000d5b80000, 0x00000000da680000, 0x0000000100000000)
  eden space 66560K, 100% used [0x00000000d5b80000,0x00000000d9c80000,0x00000000d9c80000)
  from space 5120K, 0% used [0x00000000d9c80000,0x00000000d9c80000,0x00000000da180000)
  to   space 5120K, 0% used [0x00000000da180000,0x00000000da180000,0x00000000da680000)
 ParOldGen       total 60416K, used 19083K [0x0000000081200000, 0x0000000084d00000, 0x00000000d5b80000)
  object space 60416K, 31% used [0x0000000081200000,0x00000000824a2d70,0x0000000084d00000)
 Metaspace       used 40309K, capacity 40916K, committed 41264K, reserved 1085440K
  class space    used 5013K, capacity 5165K, committed 5168K, reserved 1048576K
Event: 6.939 GC heap after
Heap after GC invocations=8 (full 2):
 PSYoungGen      total 60416K, used 5089K [0x00000000d5b80000, 0x00000000dd500000, 0x0000000100000000)
  eden space 55296K, 0% used [0x00000000d5b80000,0x00000000d5b80000,0x00000000d9180000)
  from space 5120K, 99% used [0x00000000da180000,0x00000000da6786d8,0x00000000da680000)
  to   space 16384K, 0% used [0x00000000d9180000,0x00000000d9180000,0x00000000da180000)
 ParOldGen       total 60416K, used 28028K [0x0000000081200000, 0x0000000084d00000, 0x00000000d5b80000)
  object space 60416K, 46% used [0x0000000081200000,0x0000000082d5f108,0x0000000084d00000)
 Metaspace       used 40309K, capacity 40916K, committed 41264K, reserved 1085440K
  class space    used 5013K, capacity 5165K, committed 5168K, reserved 1048576K
}
Event: 8.215 GC heap before
{Heap before GC invocations=9 (full 2):
 PSYoungGen      total 60416K, used 60385K [0x00000000d5b80000, 0x00000000dd500000, 0x0000000100000000)
  eden space 55296K, 100% used [0x00000000d5b80000,0x00000000d9180000,0x00000000d9180000)
  from space 5120K, 99% used [0x00000000da180000,0x00000000da6786d8,0x00000000da680000)
  to   space 16384K, 0% used [0x00000000d9180000,0x00000000d9180000,0x00000000da180000)
 ParOldGen       total 60416K, used 28028K [0x0000000081200000, 0x0000000084d00000, 0x00000000d5b80000)
  object space 60416K, 46% used [0x0000000081200000,0x0000000082d5f108,0x0000000084d00000)
 Metaspace       used 43508K, capacity 44280K, committed 44464K, reserved 1087488K
  class space    used 5350K, capacity 5545K, committed 5552K, reserved 1048576K
Event: 8.241 GC heap after
Heap after GC invocations=9 (full 2):
 PSYoungGen      total 71680K, used 16379K [0x00000000d5b80000, 0x00000000dc980000, 0x0000000100000000)
  eden space 55296K, 0% used [0x00000000d5b80000,0x00000000d5b80000,0x00000000d9180000)
  from space 16384K, 99% used [0x00000000d9180000,0x00000000da17ecc8,0x00000000da180000)
  to   space 18432K, 0% used [0x00000000db780000,0x00000000db780000,0x00000000dc980000)
 ParOldGen       total 60416K, used 28149K [0x0000000081200000, 0x0000000084d00000, 0x00000000d5b80000)
  object space 60416K, 46% used [0x0000000081200000,0x0000000082d7d570,0x0000000084d00000)
 Metaspace       used 43508K, capacity 44280K, committed 44464K, reserved 1087488K
  class space    used 5350K, capacity 5545K, committed 5552K, reserved 1048576K
}
Event: 10.443 GC heap before
{Heap before GC invocations=10 (full 2):
 PSYoungGen      total 71680K, used 71675K [0x00000000d5b80000, 0x00000000dc980000, 0x0000000100000000)
  eden space 55296K, 100% used [0x00000000d5b80000,0x00000000d9180000,0x00000000d9180000)
  from space 16384K, 99% used [0x00000000d9180000,0x00000000da17ecc8,0x00000000da180000)
  to   space 18432K, 0% used [0x00000000db780000,0x00000000db780000,0x00000000dc980000)
 ParOldGen       total 60416K, used 28149K [0x0000000081200000, 0x0000000084d00000, 0x00000000d5b80000)
  object space 60416K, 46% used [0x0000000081200000,0x0000000082d7d570,0x0000000084d00000)
 Metaspace       used 48878K, capacity 49798K, committed 50224K, reserved 1093632K
  class space    used 5901K, capacity 6128K, committed 6192K, reserved 1048576K
Event: 10.471 GC heap after
Heap after GC invocations=10 (full 2):
 PSYoungGen      total 90624K, used 18421K [0x00000000d5b80000, 0x00000000dcf80000, 0x0000000100000000)
  eden space 72192K, 0% used [0x00000000d5b80000,0x00000000d5b80000,0x00000000da200000)
  from space 18432K, 99% used [0x00000000db780000,0x00000000dc97d400,0x00000000dc980000)
  to   space 22016K, 0% used [0x00000000da200000,0x00000000da200000,0x00000000db780000)
 ParOldGen       total 60416K, used 32016K [0x0000000081200000, 0x0000000084d00000, 0x00000000d5b80000)
  object space 60416K, 52% used [0x0000000081200000,0x0000000083144288,0x0000000084d00000)
 Metaspace       used 48878K, capacity 49798K, committed 50224K, reserved 1093632K
  class space    used 5901K, capacity 6128K, committed 6192K, reserved 1048576K
}

